<?xml version="1.0" encoding="UTF-8"?>
<!-- Generated by org.testng.reporters.JUnitReportReporter -->
<testsuite skipped="0" hostname="QUASPC1207" name="Samples.Sample" tests="1" failures="0" timestamp="2020-09-24T14:23:31 IST" time="4.762" errors="0">
  <testcase name="SGL_J_K_Contact_01" time="4.762" classname="Samples.Sample"/>
  <system-out/>
</testsuite> <!-- Samples.Sample -->
