<?xml version="1.0" encoding="UTF-8"?>
<!-- Generated by org.testng.reporters.JUnitReportReporter -->
<testsuite skipped="0" hostname="QUASPC1207" name="Tests.ServicesTestCase" tests="5" failures="0" timestamp="2020-10-08T17:03:47 IST" time="77.741" errors="0">
  <testcase name="SGL_NATMO_Services_01" time="14.509" classname="Tests.ServicesTestCase"/>
  <system-out/>
  <testcase name="SGL_NATMO_Services_02" time="13.721" classname="Tests.ServicesTestCase"/>
  <system-out/>
  <testcase name="SGL_NATMO_Services_03" time="13.821" classname="Tests.ServicesTestCase"/>
  <system-out/>
  <testcase name="SGL_NATMO_Services_08" time="15.863" classname="Tests.ServicesTestCase"/>
  <system-out/>
  <testcase name="SGL_NATMO_Services_09" time="19.827" classname="Tests.ServicesTestCase"/>
  <system-out/>
</testsuite> <!-- Tests.ServicesTestCase -->
