<?xml version="1.0" encoding="UTF-8"?>
<!-- Generated by org.testng.reporters.JUnitReportReporter -->
<testsuite skipped="0" hostname="QUASPC1207" name="Tests.UserProfileTestCase" tests="5" failures="0" timestamp="2020-10-08T17:03:47 IST" time="138.062" errors="0">
  <testcase name="SGL_NATMO_UserProfile_01" time="22.823" classname="Tests.UserProfileTestCase"/>
  <system-out/>
  <testcase name="SGL_NATMO_UserProfile_02" time="29.748" classname="Tests.UserProfileTestCase"/>
  <system-out/>
  <testcase name="SGL_NATMO_UserProfile_04" time="26.895" classname="Tests.UserProfileTestCase"/>
  <system-out/>
  <testcase name="SGL_NATMO_UserProfile_05" time="27.883" classname="Tests.UserProfileTestCase"/>
  <system-out/>
  <testcase name="SGL_NATMO_UserProfile_06" time="30.713" classname="Tests.UserProfileTestCase"/>
  <system-out/>
</testsuite> <!-- Tests.UserProfileTestCase -->
