<?xml version="1.0" encoding="UTF-8"?>
<!-- Generated by org.testng.reporters.JUnitReportReporter -->
<testsuite skipped="0" hostname="QUASPC1207" name="Tests.ForgotPasswordTestCase" tests="3" failures="0" timestamp="2020-10-08T17:03:47 IST" time="50.691" errors="0">
  <testcase name="SGL_NATMO_ForgotPassword_01" time="15.278" classname="Tests.ForgotPasswordTestCase"/>
  <system-out/>
  <testcase name="SGL_NATMO_ForgotPassword_02" time="17.326" classname="Tests.ForgotPasswordTestCase"/>
  <system-out/>
  <testcase name="SGL_NATMO_ForgotPassword_03" time="18.087" classname="Tests.ForgotPasswordTestCase"/>
  <system-out/>
</testsuite> <!-- Tests.ForgotPasswordTestCase -->
