<?xml version="1.0" encoding="UTF-8"?>
<!-- Generated by org.testng.reporters.JUnitReportReporter -->
<testsuite skipped="0" hostname="QUASPC1207" name="Tests.ThemesTestCase" tests="3" failures="0" timestamp="2020-10-08T17:03:47 IST" time="50.102" errors="0">
  <testcase name="SGL_NATMO_Themes_01" time="13.962" classname="Tests.ThemesTestCase"/>
  <system-out/>
  <testcase name="SGL_NATMO_Themes_02" time="16.836" classname="Tests.ThemesTestCase"/>
  <system-out/>
  <testcase name="SGL_NATMO_Themes_03" time="19.304" classname="Tests.ThemesTestCase"/>
  <system-out/>
</testsuite> <!-- Tests.ThemesTestCase -->
