<?xml version="1.0" encoding="UTF-8"?>
<!-- Generated by org.testng.reporters.JUnitReportReporter -->
<testsuite skipped="0" hostname="QUASPC1207" name="Tests.LoginPageTestCase" tests="9" failures="0" timestamp="2020-10-08T17:03:47 IST" time="141.780" errors="0">
  <testcase name="SGL_NATMO_Login_01" time="11.631" classname="Tests.LoginPageTestCase"/>
  <system-out/>
  <testcase name="SGL_NATMO_Login_02" time="16.699" classname="Tests.LoginPageTestCase"/>
  <system-out/>
  <testcase name="SGL_NATMO_Login_03" time="12.236" classname="Tests.LoginPageTestCase"/>
  <system-out/>
  <testcase name="SGL_NATMO_Login_04" time="16.954" classname="Tests.LoginPageTestCase"/>
  <system-out/>
  <testcase name="SGL_NATMO_Login_05" time="15.542" classname="Tests.LoginPageTestCase"/>
  <system-out/>
  <testcase name="SGL_NATMO_Login_06" time="15.256" classname="Tests.LoginPageTestCase"/>
  <system-out/>
  <testcase name="SGL_NATMO_Login_07" time="17.251" classname="Tests.LoginPageTestCase"/>
  <system-out/>
  <testcase name="SGL_NATMO_Login_08" time="17.513" classname="Tests.LoginPageTestCase"/>
  <system-out/>
  <testcase name="SGL_NATMO_Login_09" time="18.698" classname="Tests.LoginPageTestCase"/>
  <system-out/>
</testsuite> <!-- Tests.LoginPageTestCase -->
