<?xml version="1.0" encoding="UTF-8"?>
<!-- Generated by org.testng.reporters.JUnitReportReporter -->
<testsuite skipped="0" hostname="QUASPC1207" name="Tests.ChangePasswordTestCase" tests="1" failures="0" timestamp="2020-10-08T17:03:47 IST" time="28.850" errors="0">
  <testcase name="CGL_NATMO_ChangePassword_01" time="28.850" classname="Tests.ChangePasswordTestCase"/>
  <system-out/>
</testsuite> <!-- Tests.ChangePasswordTestCase -->
