<?xml version="1.0" encoding="UTF-8"?>
<!-- Generated by org.testng.reporters.JUnitReportReporter -->
<testsuite skipped="0" hostname="QUASPC1207" name="Tests.HomePageTestCase" tests="14" failures="0" timestamp="2020-10-08T17:03:47 IST" time="268.515" errors="0">
  <testcase name="Verify_NATMO_HomePage" time="7.577" classname="Tests.HomePageTestCase"/>
  <system-out/>
  <testcase name="Verify_LogoOfThe_Application" time="7.604" classname="Tests.HomePageTestCase"/>
  <system-out/>
  <testcase name="Verify_ClickOnLogoOfThe_Application" time="21.971" classname="Tests.HomePageTestCase"/>
  <system-out/>
  <testcase name="Verify_Application_FullName" time="8.404" classname="Tests.HomePageTestCase"/>
  <system-out/>
  <testcase name="Verify_TopPanel_name" time="7.881" classname="Tests.HomePageTestCase"/>
  <system-out/>
  <testcase name="Verify_AtlasMap_SearchBox" time="7.730" classname="Tests.HomePageTestCase"/>
  <system-out/>
  <testcase name="Verify_SearchBox_With_Valid_Input" time="13.083" classname="Tests.HomePageTestCase"/>
  <system-out/>
  <testcase name="Verify_Slider" time="39.952" classname="Tests.HomePageTestCase"/>
  <system-out/>
  <testcase name="Verify_MouseHover_To_MapService" time="11.615" classname="Tests.HomePageTestCase"/>
  <system-out/>
  <testcase name="Verify_and_Select_MapService_from_Dropdown" time="12.958" classname="Tests.HomePageTestCase"/>
  <system-out/>
  <testcase name="Verify_Click_on_MapService" time="8.044" classname="Tests.HomePageTestCase"/>
  <system-out/>
  <testcase name="Verify_Bottom_PanelOnHomePage" time="57.251" classname="Tests.HomePageTestCase"/>
  <system-out/>
  <testcase name="Verify_Application_Header" time="56.057" classname="Tests.HomePageTestCase"/>
  <system-out/>
  <testcase name="Verify_Application_footer" time="8.388" classname="Tests.HomePageTestCase"/>
  <system-out/>
</testsuite> <!-- Tests.HomePageTestCase -->
