<?xml version="1.0" encoding="UTF-8"?>
<!-- Generated by org.testng.reporters.JUnitReportReporter -->
<testsuite skipped="0" hostname="QUASPC1207" name="Tests.CommonFunctionalityTestCase" tests="15" failures="0" timestamp="2020-10-08T17:03:47 IST" time="197.800" errors="0">
  <testcase name="SGL_NATMO_COMMON_01" time="11.944" classname="Tests.CommonFunctionalityTestCase"/>
  <system-out/>
  <testcase name="SGL_NATMO_COMMON_02" time="9.806" classname="Tests.CommonFunctionalityTestCase"/>
  <system-out/>
  <testcase name="SGL_NATMO_COMMON_03" time="22.051" classname="Tests.CommonFunctionalityTestCase"/>
  <system-out/>
  <testcase name="SGL_NATMO_COMMON_05" time="12.625" classname="Tests.CommonFunctionalityTestCase"/>
  <system-out/>
  <testcase name="SGL_NATMO_COMMON_06" time="10.703" classname="Tests.CommonFunctionalityTestCase"/>
  <system-out/>
  <testcase name="SGL_NATMO_COMMON_07" time="10.605" classname="Tests.CommonFunctionalityTestCase"/>
  <system-out/>
  <testcase name="SGL_NATMO_COMMON_08" time="11.785" classname="Tests.CommonFunctionalityTestCase"/>
  <system-out/>
  <testcase name="SGL_NATMO_COMMON_10" time="17.853" classname="Tests.CommonFunctionalityTestCase"/>
  <system-out/>
  <testcase name="SGL_NATMO_COMMON_13" time="10.698" classname="Tests.CommonFunctionalityTestCase"/>
  <system-out/>
  <testcase name="SGL_NATMO_COMMON_14" time="9.917" classname="Tests.CommonFunctionalityTestCase"/>
  <system-out/>
  <testcase name="SGL_NATMO_COMMON_15" time="12.112" classname="Tests.CommonFunctionalityTestCase"/>
  <system-out/>
  <testcase name="SGL_NATMO_COMMON_16" time="25.362" classname="Tests.CommonFunctionalityTestCase"/>
  <system-out/>
  <testcase name="SGL_NATMO_COMMON_17" time="7.728" classname="Tests.CommonFunctionalityTestCase"/>
  <system-out/>
  <testcase name="SGL_NATMO_COMMON_18" time="10.772" classname="Tests.CommonFunctionalityTestCase"/>
  <system-out/>
  <testcase name="SGL_NATMO_COMMON_19" time="13.839" classname="Tests.CommonFunctionalityTestCase"/>
  <system-out/>
</testsuite> <!-- Tests.CommonFunctionalityTestCase -->
