<?xml version="1.0" encoding="UTF-8"?>
<!-- Generated by org.testng.reporters.JUnitReportReporter -->
<testsuite skipped="0" hostname="QUASPC1207" name="com.lucknow.qa.testcases.LoginPageTest" tests="2" failures="0" timestamp="27 Aug 2020 06:37:02 GMT" time="12.815" errors="0">
  <testcase name="verifyLoginPageTitle" time="6.456" classname="com.lucknow.qa.testcases.LoginPageTest"/>
  <testcase name="loginToWebProtal" time="6.359" classname="com.lucknow.qa.testcases.LoginPageTest"/>
</testsuite> <!-- com.lucknow.qa.testcases.LoginPageTest -->
